{"/Users/didi/MyWorkspaces/lifelong-learning/cli/owl-express-controller/tests/decorators.ts": {"path":"/Users/didi/MyWorkspaces/lifelong-learning/cli/owl-express-controller/tests/decorators.ts","statementMap":{"0":{"start":{"line":1,"column":0},"end":{"line":3,"column":14}},"1":{"start":{"line":6,"column":13},"end":{"line":11,"column":2}},"2":{"start":{"line":14,"column":13},"end":{"line":19,"column":2}},"3":{"start":{"line":15,"column":2},"end":{"line":18,"column":4}},"4":{"start":{"line":24,"column":13},"end":{"line":26,"column":2}},"5":{"start":{"line":25,"column":2},"end":{"line":25,"column":104}},"6":{"start":{"line":28,"column":13},"end":{"line":32,"column":2}},"7":{"start":{"line":29,"column":2},"end":{"line":31,"column":3}},"8":{"start":{"line":30,"column":4},"end":{"line":30,"column":106}},"9":{"start":{"line":34,"column":13},"end":{"line":36,"column":2}},"10":{"start":{"line":35,"column":2},"end":{"line":35,"column":104}},"11":{"start":{"line":40,"column":13},"end":{"line":44,"column":2}},"12":{"start":{"line":42,"column":2},"end":{"line":42,"column":57}},"13":{"start":{"line":43,"column":2},"end":{"line":43,"column":16}}},"fnMap":{"0":{"name":"(anonymous_0)","decl":{"start":{"line":6,"column":41},"end":{"line":6,"column":50}},"loc":{"start":{"line":6,"column":62},"end":{"line":11,"column":1}}},"1":{"name":"(anonymous_1)","decl":{"start":{"line":14,"column":35},"end":{"line":14,"column":44}},"loc":{"start":{"line":14,"column":68},"end":{"line":19,"column":1}}},"2":{"name":"(anonymous_2)","decl":{"start":{"line":24,"column":39},"end":{"line":24,"column":40}},"loc":{"start":{"line":24,"column":64},"end":{"line":26,"column":1}}},"3":{"name":"(anonymous_3)","decl":{"start":{"line":28,"column":50},"end":{"line":28,"column":52}},"loc":{"start":{"line":28,"column":55},"end":{"line":32,"column":1}}},"4":{"name":"(anonymous_4)","decl":{"start":{"line":29,"column":9},"end":{"line":29,"column":10}},"loc":{"start":{"line":29,"column":23},"end":{"line":31,"column":3}}},"5":{"name":"(anonymous_5)","decl":{"start":{"line":34,"column":39},"end":{"line":34,"column":40}},"loc":{"start":{"line":34,"column":64},"end":{"line":36,"column":1}}},"6":{"name":"(anonymous_6)","decl":{"start":{"line":40,"column":42},"end":{"line":40,"column":51}},"loc":{"start":{"line":40,"column":64},"end":{"line":44,"column":1}}}},"branchMap":{"0":{"loc":{"start":{"line":25,"column":70},"end":{"line":25,"column":95}},"type":"cond-expr","locations":[{"start":{"line":25,"column":70},"end":{"line":25,"column":95}},{"start":{"line":25,"column":98},"end":{"line":25,"column":104}}]},"1":{"loc":{"start":{"line":25,"column":17},"end":{"line":25,"column":44}},"type":"binary-expr","locations":[{"start":{"line":25,"column":17},"end":{"line":25,"column":44}},{"start":{"line":25,"column":48},"end":{"line":25,"column":67}}]},"2":{"loc":{"start":{"line":30,"column":72},"end":{"line":30,"column":97}},"type":"cond-expr","locations":[{"start":{"line":30,"column":72},"end":{"line":30,"column":97}},{"start":{"line":30,"column":100},"end":{"line":30,"column":106}}]},"3":{"loc":{"start":{"line":30,"column":19},"end":{"line":30,"column":46}},"type":"binary-expr","locations":[{"start":{"line":30,"column":19},"end":{"line":30,"column":46}},{"start":{"line":30,"column":50},"end":{"line":30,"column":69}}]},"4":{"loc":{"start":{"line":35,"column":70},"end":{"line":35,"column":95}},"type":"cond-expr","locations":[{"start":{"line":35,"column":70},"end":{"line":35,"column":95}},{"start":{"line":35,"column":98},"end":{"line":35,"column":104}}]},"5":{"loc":{"start":{"line":35,"column":17},"end":{"line":35,"column":44}},"type":"binary-expr","locations":[{"start":{"line":35,"column":17},"end":{"line":35,"column":44}},{"start":{"line":35,"column":48},"end":{"line":35,"column":67}}]}},"s":{"0":2,"1":2,"2":2,"3":9,"4":2,"5":3,"6":2,"7":6,"8":3,"9":2,"10":2,"11":2,"12":2,"13":2},"f":{"0":2,"1":9,"2":3,"3":6,"4":3,"5":2,"6":2},"b":{"0":[1,2],"1":[3,3],"2":[3,0],"3":[3,3],"4":[1,1],"5":[2,2]}}
,"/Users/didi/MyWorkspaces/lifelong-learning/cli/owl-express-controller/tests/routes/home-controller.ts": {"path":"/Users/didi/MyWorkspaces/lifelong-learning/cli/owl-express-controller/tests/routes/home-controller.ts","statementMap":{"0":{"start":{"line":1,"column":0},"end":{"line":1,"column":41}},"1":{"start":{"line":2,"column":0},"end":{"line":2,"column":50}},"2":{"start":{"line":5,"column":15},"end":{"line":13,"column":1}},"3":{"start":{"line":11,"column":4},"end":{"line":11,"column":17}},"4":{"start":{"line":9,"column":9},"end":{"line":12,"column":3}},"5":{"start":{"line":5,"column":21},"end":{"line":13,"column":1}}},"fnMap":{"0":{"name":"(anonymous_2)","decl":{"start":{"line":9,"column":9},"end":{"line":9,"column":12}},"loc":{"start":{"line":9,"column":25},"end":{"line":12,"column":3}}}},"branchMap":{},"s":{"0":2,"1":2,"2":2,"3":2,"4":2,"5":2},"f":{"0":2},"b":{}}
,"/Users/didi/MyWorkspaces/lifelong-learning/cli/owl-express-controller/tests/routes/example/deep/foo-bar-controller.ts": {"path":"/Users/didi/MyWorkspaces/lifelong-learning/cli/owl-express-controller/tests/routes/example/deep/foo-bar-controller.ts","statementMap":{"0":{"start":{"line":1,"column":0},"end":{"line":1,"column":47}},"1":{"start":{"line":2,"column":0},"end":{"line":2,"column":70}},"2":{"start":{"line":8,"column":4},"end":{"line":8,"column":15}},"3":{"start":{"line":17,"column":4},"end":{"line":17,"column":15}},"4":{"start":{"line":25,"column":4},"end":{"line":25,"column":15}},"5":{"start":{"line":32,"column":4},"end":{"line":32,"column":15}},"6":{"start":{"line":4,"column":0},"end":{"line":34,"column":1}},"7":{"start":{"line":7,"column":9},"end":{"line":9,"column":3}},"8":{"start":{"line":16,"column":9},"end":{"line":18,"column":3}},"9":{"start":{"line":24,"column":9},"end":{"line":26,"column":3}},"10":{"start":{"line":31,"column":9},"end":{"line":33,"column":3}}},"fnMap":{"0":{"name":"(anonymous_2)","decl":{"start":{"line":7,"column":9},"end":{"line":7,"column":17}},"loc":{"start":{"line":7,"column":30},"end":{"line":9,"column":3}}},"1":{"name":"(anonymous_3)","decl":{"start":{"line":16,"column":9},"end":{"line":16,"column":17}},"loc":{"start":{"line":16,"column":31},"end":{"line":18,"column":3}}},"2":{"name":"(anonymous_4)","decl":{"start":{"line":24,"column":9},"end":{"line":24,"column":18}},"loc":{"start":{"line":24,"column":32},"end":{"line":26,"column":3}}},"3":{"name":"(anonymous_5)","decl":{"start":{"line":31,"column":9},"end":{"line":31,"column":18}},"loc":{"start":{"line":31,"column":32},"end":{"line":33,"column":3}}}},"branchMap":{},"s":{"0":2,"1":2,"2":4,"3":1,"4":1,"5":1,"6":2,"7":2,"8":2,"9":2,"10":2},"f":{"0":4,"1":1,"2":1,"3":1},"b":{}}
}
