TN:
SF:/Users/didi/MyWorkspaces/lifelong-learning/cli/owl-express-controller/tests/decorators.ts
FN:6,(anonymous_0)
FN:14,(anonymous_1)
FN:24,(anonymous_2)
FN:28,(anonymous_3)
FN:29,(anonymous_4)
FN:34,(anonymous_5)
FN:40,(anonymous_6)
FNF:7
FNH:7
FNDA:2,(anonymous_0)
FNDA:9,(anonymous_1)
FNDA:3,(anonymous_2)
FNDA:6,(anonymous_3)
FNDA:3,(anonymous_4)
FNDA:2,(anonymous_5)
FNDA:2,(anonymous_6)
DA:1,2
DA:6,2
DA:14,2
DA:15,9
DA:24,2
DA:25,3
DA:28,2
DA:29,6
DA:30,3
DA:34,2
DA:35,2
DA:40,2
DA:42,2
DA:43,2
LF:14
LH:14
BRDA:25,0,0,1
BRDA:25,0,1,2
BRDA:25,1,0,3
BRDA:25,1,1,3
BRDA:30,2,0,3
BRDA:30,2,1,0
BRDA:30,3,0,3
BRDA:30,3,1,3
BRDA:35,4,0,1
BRDA:35,4,1,1
BRDA:35,5,0,2
BRDA:35,5,1,2
BRF:12
BRH:11
end_of_record
TN:
SF:/Users/didi/MyWorkspaces/lifelong-learning/cli/owl-express-controller/tests/routes/home-controller.ts
FN:9,(anonymous_2)
FNF:1
FNH:1
FNDA:2,(anonymous_2)
DA:1,2
DA:2,2
DA:5,2
DA:9,2
DA:11,2
LF:5
LH:5
BRF:0
BRH:0
end_of_record
TN:
SF:/Users/didi/MyWorkspaces/lifelong-learning/cli/owl-express-controller/tests/routes/example/deep/foo-bar-controller.ts
FN:7,(anonymous_2)
FN:16,(anonymous_3)
FN:24,(anonymous_4)
FN:31,(anonymous_5)
FNF:4
FNH:4
FNDA:4,(anonymous_2)
FNDA:1,(anonymous_3)
FNDA:1,(anonymous_4)
FNDA:1,(anonymous_5)
DA:1,2
DA:2,2
DA:4,2
DA:7,2
DA:8,4
DA:16,2
DA:17,1
DA:24,2
DA:25,1
DA:31,2
DA:32,1
LF:11
LH:11
BRF:0
BRH:0
end_of_record
